[debug] [2018-08-08T19:20:04.944Z] ----------------------------------------------------------------------
[debug] [2018-08-08T19:20:04.946Z] Command:       C:\Program Files\nodejs\node.exe C:\Users\hyago\AppData\Roaming\npm\node_modules\firebase-tools\bin\firebase serve
[debug] [2018-08-08T19:20:04.946Z] CLI Version:   3.19.3
[debug] [2018-08-08T19:20:04.946Z] Platform:      win32
[debug] [2018-08-08T19:20:04.946Z] Node Version:  v9.4.0
[debug] [2018-08-08T19:20:04.947Z] Time:          Wed Aug 08 2018 16:20:04 GMT-0300 (Hora oficial do Brasil)
[debug] [2018-08-08T19:20:04.947Z] ----------------------------------------------------------------------
[debug] 
[debug] [2018-08-08T19:20:04.955Z] > command requires scopes: ["email","openid","https://www.googleapis.com/auth/cloudplatformprojects.readonly","https://www.googleapis.com/auth/firebase","https://www.googleapis.com/auth/cloud-platform"]
[debug] [2018-08-08T19:20:04.956Z] > authorizing via signed-in user
[debug] [2018-08-08T19:20:04.957Z] > refreshing access token with scopes: ["email","https://www.googleapis.com/auth/cloud-platform","https://www.googleapis.com/auth/cloudplatformprojects.readonly","https://www.googleapis.com/auth/firebase","openid"]
[debug] [2018-08-08T19:20:04.957Z] >>> HTTP REQUEST POST https://www.googleapis.com/oauth2/v3/token  
 { refresh_token: '1/tcMHjEI2LcBIuDOqwrkWTZB5rhs-UaNc0DxKcjb7VsY',
  client_id: '563584335869-fgrhgmd47bqnekij5i8b5pr03ho849e6.apps.googleusercontent.com',
  client_secret: 'j9iVZfS8kkCEFUPaAeJV0sAi',
  grant_type: 'refresh_token',
  scope: 'email https://www.googleapis.com/auth/cloud-platform https://www.googleapis.com/auth/cloudplatformprojects.readonly https://www.googleapis.com/auth/firebase openid' } 
 Wed Aug 08 2018 16:20:04 GMT-0300 (Hora oficial do Brasil)
[debug] [2018-08-08T19:20:05.407Z] <<< HTTP RESPONSE 200
[debug] [2018-08-08T19:20:05.459Z] >>> HTTP REQUEST GET https://admin.firebase.com/v1/projects/doce-e-festa  
  
 Wed Aug 08 2018 16:20:05 GMT-0300 (Hora oficial do Brasil)
[debug] [2018-08-08T19:20:06.248Z] <<< HTTP RESPONSE 200
[debug] [2018-08-08T19:20:06.249Z] >>> HTTP REQUEST GET https://admin.firebase.com/v1/database/doce-e-festa/tokens  
  
 Wed Aug 08 2018 16:20:06 GMT-0300 (Hora oficial do Brasil)
[debug] [2018-08-08T19:20:07.097Z] <<< HTTP RESPONSE 200
[debug] [2018-08-08T19:20:07.099Z] >>> HTTP REQUEST GET https://cloudresourcemanager.googleapis.com/v1/projects/doce-e-festa  
  
 Wed Aug 08 2018 16:20:07 GMT-0300 (Hora oficial do Brasil)
[debug] [2018-08-08T19:20:08.221Z] <<< HTTP RESPONSE 200
[info] 
[info] === Serving from 'C:\Users\hyago\OneDrive\Área de Trabalho\Doce-Festa'...
[info] 
[info] i  functions: Preparing to emulate functions.
[debug] [2018-08-08T19:20:22.722Z] Fetching environment
[debug] [2018-08-08T19:20:22.730Z] >>> HTTP REQUEST GET https://mobilesdk-pa.googleapis.com/v1/projects/497695728329:getServerAppConfig  
  
 Wed Aug 08 2018 16:20:22 GMT-0300 (Hora oficial do Brasil)
[debug] [2018-08-08T19:20:22.731Z] >>> HTTP REQUEST GET https://mobilesdk-pa.googleapis.com/v1/projects/497695728329/clients/_:getWebAppConfig  
  
 Wed Aug 08 2018 16:20:22 GMT-0300 (Hora oficial do Brasil)
[debug] [2018-08-08T19:20:23.316Z] <<< HTTP RESPONSE 200
[debug] [2018-08-08T19:20:23.317Z] Starting @google-cloud/functions-emulator
[debug] [2018-08-08T19:20:23.387Z] <<< HTTP RESPONSE 200
[info] i  hosting: Serving hosting files from: public
[info] +  hosting: Local server: http://localhost:5000

[debug] [2018-08-08T19:20:31.286Z] Parsing function triggers
[warn] !  functions: Failed to load functions source code. Ensure that you have the latest SDK by running npm i --save firebase-functions inside the functions directory.
[debug] [2018-08-08T19:20:34.044Z] Error during trigger parsing:  Error occurred while parsing your function triggers.

TypeError: Cannot read property 'email' of undefined
    at Object.<anonymous> (C:\Users\hyago\OneDrive\Área de Trabalho\Doce-Festa\functions\index.js:13:44)
    at Module._compile (module.js:660:30)
    at Object.Module._extensions..js (module.js:671:10)
    at Module.load (module.js:573:32)
    at tryModuleLoad (module.js:513:12)
    at Function.Module._load (module.js:505:3)
    at Module.require (module.js:604:17)
    at require (internal/module.js:11:18)
    at C:\Users\hyago\AppData\Roaming\npm\node_modules\firebase-tools\lib\triggerParser.js:21:11
    at Object.<anonymous> (C:\Users\hyago\AppData\Roaming\npm\node_modules\firebase-tools\lib\triggerParser.js:75:3)
[warn] !  functions: Error from emulator. Error occurred while parsing your function triggers.

TypeError: Cannot read property 'email' of undefined
    at Object.<anonymous> (C:\Users\hyago\OneDrive\Área de Trabalho\Doce-Festa\functions\index.js:13:44)
    at Module._compile (module.js:660:30)
    at Object.Module._extensions..js (module.js:671:10)
    at Module.load (module.js:573:32)
    at tryModuleLoad (module.js:513:12)
    at Function.Module._load (module.js:505:3)
    at Module.require (module.js:604:17)
    at require (internal/module.js:11:18)
    at C:\Users\hyago\AppData\Roaming\npm\node_modules\firebase-tools\lib\triggerParser.js:21:11
    at Object.<anonymous> (C:\Users\hyago\AppData\Roaming\npm\node_modules\firebase-tools\lib\triggerParser.js:75:3)
[debug] [2018-08-08T19:20:34.047Z] 
[debug] [2018-08-08T20:23:31.242Z] ----------------------------------------------------------------------
[debug] [2018-08-08T20:23:31.243Z] Command:       C:\Program Files\nodejs\node.exe C:\Users\hyago\AppData\Roaming\npm\node_modules\firebase-tools\bin\firebase serve
[debug] [2018-08-08T20:23:31.244Z] CLI Version:   3.19.3
[debug] [2018-08-08T20:23:31.244Z] Platform:      win32
[debug] [2018-08-08T20:23:31.244Z] Node Version:  v9.4.0
[debug] [2018-08-08T20:23:31.244Z] Time:          Wed Aug 08 2018 17:23:31 GMT-0300 (Hora oficial do Brasil)
[debug] [2018-08-08T20:23:31.244Z] ----------------------------------------------------------------------
[debug] 
[debug] [2018-08-08T20:23:31.259Z] > command requires scopes: ["email","openid","https://www.googleapis.com/auth/cloudplatformprojects.readonly","https://www.googleapis.com/auth/firebase","https://www.googleapis.com/auth/cloud-platform"]
[debug] [2018-08-08T20:23:31.259Z] > authorizing via signed-in user
[debug] [2018-08-08T20:23:31.260Z] > refreshing access token with scopes: ["email","https://www.googleapis.com/auth/cloud-platform","https://www.googleapis.com/auth/cloudplatformprojects.readonly","https://www.googleapis.com/auth/firebase","openid"]
[debug] [2018-08-08T20:23:31.261Z] >>> HTTP REQUEST POST https://www.googleapis.com/oauth2/v3/token  
 { refresh_token: '1/tcMHjEI2LcBIuDOqwrkWTZB5rhs-UaNc0DxKcjb7VsY',
  client_id: '563584335869-fgrhgmd47bqnekij5i8b5pr03ho849e6.apps.googleusercontent.com',
  client_secret: 'j9iVZfS8kkCEFUPaAeJV0sAi',
  grant_type: 'refresh_token',
  scope: 'email https://www.googleapis.com/auth/cloud-platform https://www.googleapis.com/auth/cloudplatformprojects.readonly https://www.googleapis.com/auth/firebase openid' } 
 Wed Aug 08 2018 17:23:31 GMT-0300 (Hora oficial do Brasil)
[debug] [2018-08-08T20:23:31.749Z] <<< HTTP RESPONSE 200
[debug] [2018-08-08T20:23:31.824Z] >>> HTTP REQUEST GET https://admin.firebase.com/v1/projects/doce-e-festa  
  
 Wed Aug 08 2018 17:23:31 GMT-0300 (Hora oficial do Brasil)
[debug] [2018-08-08T20:23:32.929Z] <<< HTTP RESPONSE 200
[debug] [2018-08-08T20:23:32.929Z] >>> HTTP REQUEST GET https://admin.firebase.com/v1/database/doce-e-festa/tokens  
  
 Wed Aug 08 2018 17:23:32 GMT-0300 (Hora oficial do Brasil)
[debug] [2018-08-08T20:23:33.652Z] <<< HTTP RESPONSE 200
[debug] [2018-08-08T20:23:33.654Z] >>> HTTP REQUEST GET https://cloudresourcemanager.googleapis.com/v1/projects/doce-e-festa  
  
 Wed Aug 08 2018 17:23:33 GMT-0300 (Hora oficial do Brasil)
[debug] [2018-08-08T20:23:34.761Z] <<< HTTP RESPONSE 200
[info] 
[info] === Serving from 'C:\Users\hyago\OneDrive\Área de Trabalho\Doce-Festa'...
[info] 
[info] i  functions: Preparing to emulate functions.
[debug] [2018-08-08T20:23:36.268Z] Fetching environment
[debug] [2018-08-08T20:23:36.276Z] >>> HTTP REQUEST GET https://mobilesdk-pa.googleapis.com/v1/projects/497695728329:getServerAppConfig  
  
 Wed Aug 08 2018 17:23:36 GMT-0300 (Hora oficial do Brasil)
[debug] [2018-08-08T20:23:36.277Z] >>> HTTP REQUEST GET https://mobilesdk-pa.googleapis.com/v1/projects/497695728329/clients/_:getWebAppConfig  
  
 Wed Aug 08 2018 17:23:36 GMT-0300 (Hora oficial do Brasil)
[debug] [2018-08-08T20:23:36.844Z] <<< HTTP RESPONSE 200
[debug] [2018-08-08T20:23:36.844Z] Starting @google-cloud/functions-emulator
[debug] [2018-08-08T20:23:36.979Z] <<< HTTP RESPONSE 200
[info] i  hosting: Serving hosting files from: public
[info] +  hosting: Local server: http://localhost:5000

[debug] [2018-08-08T20:23:40.186Z] Parsing function triggers
[warn] !  functions: Failed to load functions source code. Ensure that you have the latest SDK by running npm i --save firebase-functions inside the functions directory.
[debug] [2018-08-08T20:23:40.784Z] Error during trigger parsing:  Error occurred while parsing your function triggers.

TypeError: Cannot read property 'email' of undefined
    at Object.<anonymous> (C:\Users\hyago\OneDrive\Área de Trabalho\Doce-Festa\functions\index.js:13:44)
    at Module._compile (module.js:660:30)
    at Object.Module._extensions..js (module.js:671:10)
    at Module.load (module.js:573:32)
    at tryModuleLoad (module.js:513:12)
    at Function.Module._load (module.js:505:3)
    at Module.require (module.js:604:17)
    at require (internal/module.js:11:18)
    at C:\Users\hyago\AppData\Roaming\npm\node_modules\firebase-tools\lib\triggerParser.js:21:11
    at Object.<anonymous> (C:\Users\hyago\AppData\Roaming\npm\node_modules\firebase-tools\lib\triggerParser.js:75:3)
[warn] !  functions: Error from emulator. Error occurred while parsing your function triggers.

TypeError: Cannot read property 'email' of undefined
    at Object.<anonymous> (C:\Users\hyago\OneDrive\Área de Trabalho\Doce-Festa\functions\index.js:13:44)
    at Module._compile (module.js:660:30)
    at Object.Module._extensions..js (module.js:671:10)
    at Module.load (module.js:573:32)
    at tryModuleLoad (module.js:513:12)
    at Function.Module._load (module.js:505:3)
    at Module.require (module.js:604:17)
    at require (internal/module.js:11:18)
    at C:\Users\hyago\AppData\Roaming\npm\node_modules\firebase-tools\lib\triggerParser.js:21:11
    at Object.<anonymous> (C:\Users\hyago\AppData\Roaming\npm\node_modules\firebase-tools\lib\triggerParser.js:75:3)
[debug] [2018-08-08T20:23:40.786Z] 
